3rd-party-licenses.html CRC=49cee3ec
bin/jbi_admin.xml CRC=a4a06ba
components/sun-http-binding/httpbc.jar CRC=362ff7ce
copyright.txt CRC=9f4d7a6f
doc/antdoc/jbi-ant-targets-reference.zip CRC=b8800820
doc/antdoc/jbi-ant-tasks-reference.zip CRC=89c771d6
doc/javadoc/jbi/allclasses-frame.html CRC=fd6132f4
doc/javadoc/jbi/allclasses-noframe.html CRC=decfe68a
doc/javadoc/jbi/constant-values.html CRC=d52fc80a
doc/javadoc/jbi/deprecated-list.html CRC=d8291070
doc/javadoc/jbi/help-doc.html CRC=eed3184e
doc/javadoc/jbi/index-all.html CRC=ee9479f
doc/javadoc/jbi/index.html CRC=db96acdd
doc/javadoc/jbi/javax/jbi/JBIException.html CRC=f63d2a6a
doc/javadoc/jbi/javax/jbi/class-use/JBIException.html CRC=414a317d
doc/javadoc/jbi/javax/jbi/component/Bootstrap.html CRC=85a5503e
doc/javadoc/jbi/javax/jbi/component/Component.html CRC=f962e782
doc/javadoc/jbi/javax/jbi/component/ComponentContext.html CRC=670ba904
doc/javadoc/jbi/javax/jbi/component/ComponentLifeCycle.html CRC=26819aca
doc/javadoc/jbi/javax/jbi/component/InstallationContext.html CRC=908b8559
doc/javadoc/jbi/javax/jbi/component/ServiceUnitManager.html CRC=c415a6ca
doc/javadoc/jbi/javax/jbi/component/class-use/Bootstrap.html CRC=ec81d920
doc/javadoc/jbi/javax/jbi/component/class-use/Component.html CRC=f7f392c4
doc/javadoc/jbi/javax/jbi/component/class-use/ComponentContext.html CRC=901ac5f5
doc/javadoc/jbi/javax/jbi/component/class-use/ComponentLifeCycle.html CRC=eefe7db6
doc/javadoc/jbi/javax/jbi/component/class-use/InstallationContext.html CRC=bdd92a25
doc/javadoc/jbi/javax/jbi/component/class-use/ServiceUnitManager.html CRC=beb9ec09
doc/javadoc/jbi/javax/jbi/component/package-frame.html CRC=72747787
doc/javadoc/jbi/javax/jbi/component/package-summary.html CRC=8acac8b0
doc/javadoc/jbi/javax/jbi/component/package-tree.html CRC=bd30f566
doc/javadoc/jbi/javax/jbi/component/package-use.html CRC=ed2cd73a
doc/javadoc/jbi/javax/jbi/management/AdminServiceMBean.html CRC=3ec22bea
doc/javadoc/jbi/javax/jbi/management/ComponentLifeCycleMBean.html CRC=98459f75
doc/javadoc/jbi/javax/jbi/management/DeploymentException.html CRC=3da786f5
doc/javadoc/jbi/javax/jbi/management/DeploymentServiceMBean.html CRC=7af53627
doc/javadoc/jbi/javax/jbi/management/InstallationServiceMBean.html CRC=3340a051
doc/javadoc/jbi/javax/jbi/management/InstallerMBean.html CRC=629238b7
doc/javadoc/jbi/javax/jbi/management/LifeCycleMBean.html CRC=7ae8ad3d
doc/javadoc/jbi/javax/jbi/management/MBeanNames.html CRC=51da8400
doc/javadoc/jbi/javax/jbi/management/class-use/AdminServiceMBean.html CRC=b1657dee
doc/javadoc/jbi/javax/jbi/management/class-use/ComponentLifeCycleMBean.html CRC=9869a121
doc/javadoc/jbi/javax/jbi/management/class-use/DeploymentException.html CRC=a293ef82
doc/javadoc/jbi/javax/jbi/management/class-use/DeploymentServiceMBean.html CRC=94a11753
doc/javadoc/jbi/javax/jbi/management/class-use/InstallationServiceMBean.html CRC=2b127167
doc/javadoc/jbi/javax/jbi/management/class-use/InstallerMBean.html CRC=8e307fe3
doc/javadoc/jbi/javax/jbi/management/class-use/LifeCycleMBean.html CRC=4204e571
doc/javadoc/jbi/javax/jbi/management/class-use/MBeanNames.html CRC=a9eaffbb
doc/javadoc/jbi/javax/jbi/management/package-frame.html CRC=8950bb05
doc/javadoc/jbi/javax/jbi/management/package-summary.html CRC=f9b37ba4
doc/javadoc/jbi/javax/jbi/management/package-tree.html CRC=71b8dbd
doc/javadoc/jbi/javax/jbi/management/package-use.html CRC=75bfd7fb
doc/javadoc/jbi/javax/jbi/messaging/DeliveryChannel.html CRC=3b8bb060
doc/javadoc/jbi/javax/jbi/messaging/ExchangeStatus.html CRC=e87a1ccf
doc/javadoc/jbi/javax/jbi/messaging/Fault.html CRC=b7422496
doc/javadoc/jbi/javax/jbi/messaging/InOnly.html CRC=ec6a522d
doc/javadoc/jbi/javax/jbi/messaging/InOptionalOut.html CRC=32d1b948
doc/javadoc/jbi/javax/jbi/messaging/InOut.html CRC=d8305723
doc/javadoc/jbi/javax/jbi/messaging/MessageExchange.Role.html CRC=d4347405
doc/javadoc/jbi/javax/jbi/messaging/MessageExchange.html CRC=bf4a2b4
doc/javadoc/jbi/javax/jbi/messaging/MessageExchangeFactory.html CRC=5686de71
doc/javadoc/jbi/javax/jbi/messaging/MessagingException.html CRC=7589c2e
doc/javadoc/jbi/javax/jbi/messaging/NormalizedMessage.html CRC=58ffe9c1
doc/javadoc/jbi/javax/jbi/messaging/RobustInOnly.html CRC=9eb1d1d5
doc/javadoc/jbi/javax/jbi/messaging/class-use/DeliveryChannel.html CRC=156827a4
doc/javadoc/jbi/javax/jbi/messaging/class-use/ExchangeStatus.html CRC=389e9c3c
doc/javadoc/jbi/javax/jbi/messaging/class-use/Fault.html CRC=f1808dc2
doc/javadoc/jbi/javax/jbi/messaging/class-use/InOnly.html CRC=e4dcc2d9
doc/javadoc/jbi/javax/jbi/messaging/class-use/InOptionalOut.html CRC=4fcc7581
doc/javadoc/jbi/javax/jbi/messaging/class-use/InOut.html CRC=4ad58149
doc/javadoc/jbi/javax/jbi/messaging/class-use/MessageExchange.Role.html CRC=34f4a7b5
doc/javadoc/jbi/javax/jbi/messaging/class-use/MessageExchange.html CRC=f8d5a5e5
doc/javadoc/jbi/javax/jbi/messaging/class-use/MessageExchangeFactory.html CRC=25cd430e
doc/javadoc/jbi/javax/jbi/messaging/class-use/MessagingException.html CRC=4388ec4a
doc/javadoc/jbi/javax/jbi/messaging/class-use/NormalizedMessage.html CRC=a97910c1
doc/javadoc/jbi/javax/jbi/messaging/class-use/RobustInOnly.html CRC=162cd645
doc/javadoc/jbi/javax/jbi/messaging/package-frame.html CRC=ce63889f
doc/javadoc/jbi/javax/jbi/messaging/package-summary.html CRC=9ada750a
doc/javadoc/jbi/javax/jbi/messaging/package-tree.html CRC=2c4a1a4a
doc/javadoc/jbi/javax/jbi/messaging/package-use.html CRC=20d44b09
doc/javadoc/jbi/javax/jbi/package-frame.html CRC=394c442c
doc/javadoc/jbi/javax/jbi/package-summary.html CRC=8d287cba
doc/javadoc/jbi/javax/jbi/package-tree.html CRC=a835db81
doc/javadoc/jbi/javax/jbi/package-use.html CRC=998a63e2
doc/javadoc/jbi/javax/jbi/servicedesc/ServiceEndpoint.html CRC=8186beef
doc/javadoc/jbi/javax/jbi/servicedesc/class-use/ServiceEndpoint.html CRC=4cff51fc
doc/javadoc/jbi/javax/jbi/servicedesc/package-frame.html CRC=7c5b8e25
doc/javadoc/jbi/javax/jbi/servicedesc/package-summary.html CRC=eb096d56
doc/javadoc/jbi/javax/jbi/servicedesc/package-tree.html CRC=31198c6b
doc/javadoc/jbi/javax/jbi/servicedesc/package-use.html CRC=a4004ac0
doc/javadoc/jbi/overview-frame.html CRC=e642e472
doc/javadoc/jbi/overview-summary.html CRC=4e3618e6
doc/javadoc/jbi/overview-tree.html CRC=3e1060b1
doc/javadoc/jbi/package-list CRC=9b3448b9
doc/javadoc/jbi/resources/inherit.gif CRC=83fc4d1b
doc/javadoc/jbi/serialized-form.html CRC=cda5ed16
doc/javadoc/jbi/stylesheet.css CRC=b9836a82
jbi.ver CRC=33cf06f1
lib/install/setup-jbi.xml CRC=b4752448
lib/install/templates/config.properties CRC=565a1777
lib/install/templates/jbi-registry.xml.template CRC=55c11386
lib/install/templates/runtime-config.defaults CRC=916d0c9d
lib/jbi-admin-cli.jar CRC=befd9305
lib/jbi-admin-common.jar CRC=29f4add
lib/jbi-admin-gui.jar CRC=c545b928
lib/jbi-ant-tasks.jar CRC=61e9665
lib/jbi-ext.jar CRC=f810d82f
lib/jbi-upgrade-tool.jar CRC=5431a316
lib/jbi.jar CRC=15b98515
lib/jbi_framework.jar CRC=8674396f
lib/jbi_rt.jar CRC=6d8180c8
lib/xbean.jar CRC=d2d4d4c5
ojc.ver CRC=79ae2a51
readme.txt CRC=9324ec12
schemas/component-info-list.rnc CRC=7a986713
schemas/component-info-list.xsd CRC=2a3e3a33
schemas/componentConfiguration.xsd CRC=88c4931f
schemas/componentLogging.xsd CRC=53a416ee
schemas/jbi-registry.xsd CRC=1adc8a49
schemas/jbi.rnc CRC=c1af00bc
schemas/jbi.xsd CRC=9f49f98
schemas/managementMessage.rnc CRC=c8e00cc3
schemas/managementMessage.xsd CRC=92c63491
schemas/service-assembly-info-list.rnc CRC=a801a376
schemas/service-assembly-info-list.xsd CRC=e82b678e
shared-libraries/sun-wsdl-library/wsdlsl.jar CRC=2f642280
